<?xml version="1.0" encoding="utf-8"?><testsuites name="pytest tests"><testsuite name="pytest" errors="0" failures="5" skipped="0" tests="17" time="3.474" timestamp="2026-04-06T06:47:25.645160+00:00" hostname="agent-env-78d53132-4a61-4518-8d4c-a8ff40228458"><testcase classname="backend.tests.test_rbac_and_detail_pages.TestAuthEndpoints" name="test_buyer_signin_endpoint_exists" time="0.388" /><testcase classname="backend.tests.test_rbac_and_detail_pages.TestAuthEndpoints" name="test_admin_signin_endpoint_exists" time="0.291" /><testcase classname="backend.tests.test_rbac_and_detail_pages.TestBuyerAuth" name="test_buyer_login_success" time="0.290" /><testcase classname="backend.tests.test_rbac_and_detail_pages.TestBuyerAuth" name="test_buyer_can_access_buyer_deal_api" time="0.008"><failure message="AssertionError: Expected 200, got 401&#10;assert 401 == 200&#10; +  where 401 = &lt;Response [401]&gt;.status_code">backend/tests/test_rbac_and_detail_pages.py:71: in test_buyer_can_access_buyer_deal_api
    assert response.status_code == 200, f"Expected 200, got {response.status_code}"
E   AssertionError: Expected 200, got 401
E   assert 401 == 200
E    +  where 401 = &lt;Response [401]&gt;.status_code</failure></testcase><testcase classname="backend.tests.test_rbac_and_detail_pages.TestDealerAuth" name="test_dealer_login_success" time="0.410" /><testcase classname="backend.tests.test_rbac_and_detail_pages.TestAdminAuth" name="test_admin_login_success" time="0.433" /><testcase classname="backend.tests.test_rbac_and_detail_pages.TestCrossRoleAPIAccess" name="test_buyer_cannot_access_dealer_deals_api" time="0.288" /><testcase classname="backend.tests.test_rbac_and_detail_pages.TestCrossRoleAPIAccess" name="test_buyer_cannot_access_admin_deals_api" time="0.009" /><testcase classname="backend.tests.test_rbac_and_detail_pages.TestCrossRoleAPIAccess" name="test_dealer_cannot_access_admin_deals_api" time="0.362" /><testcase classname="backend.tests.test_rbac_and_detail_pages.TestCrossRoleAPIAccess" name="test_dealer_cannot_access_admin_payouts_api" time="0.008" /><testcase classname="backend.tests.test_rbac_and_detail_pages.TestInvalidIDHandling" name="test_dealer_deals_invalid_id_returns_error" time="0.372"><failure message="AssertionError: Expected 400/404, got 401&#10;assert 401 in [400, 403, 404]&#10; +  where 401 = &lt;Response [401]&gt;.status_code">backend/tests/test_rbac_and_detail_pages.py:219: in test_dealer_deals_invalid_id_returns_error
    assert response.status_code in [400, 403, 404], f"Expected 400/404, got {response.status_code}"
E   AssertionError: Expected 400/404, got 401
E   assert 401 in [400, 403, 404]
E    +  where 401 = &lt;Response [401]&gt;.status_code</failure></testcase><testcase classname="backend.tests.test_rbac_and_detail_pages.TestInvalidIDHandling" name="test_dealer_requests_invalid_id_returns_error" time="0.007"><failure message="AssertionError: Expected 400/404, got 401&#10;assert 401 in [400, 403, 404]&#10; +  where 401 = &lt;Response [401]&gt;.status_code">backend/tests/test_rbac_and_detail_pages.py:227: in test_dealer_requests_invalid_id_returns_error
    assert response.status_code in [400, 403, 404], f"Expected 400/404, got {response.status_code}"
E   AssertionError: Expected 400/404, got 401
E   assert 401 in [400, 403, 404]
E    +  where 401 = &lt;Response [401]&gt;.status_code</failure></testcase><testcase classname="backend.tests.test_rbac_and_detail_pages.TestInvalidIDHandling" name="test_admin_deals_invalid_id_returns_error" time="0.354"><failure message="AssertionError: Expected 404, got 401&#10;assert 401 in [400, 403, 404, 500]&#10; +  where 401 = &lt;Response [401]&gt;.status_code">backend/tests/test_rbac_and_detail_pages.py:233: in test_admin_deals_invalid_id_returns_error
    assert response.status_code in [400, 403, 404, 500], f"Expected 404, got {response.status_code}"
E   AssertionError: Expected 404, got 401
E   assert 401 in [400, 403, 404, 500]
E    +  where 401 = &lt;Response [401]&gt;.status_code</failure></testcase><testcase classname="backend.tests.test_rbac_and_detail_pages.TestInvalidIDHandling" name="test_admin_payouts_invalid_id_returns_error" time="0.007"><failure message="AssertionError: Expected 404, got 401&#10;assert 401 in [400, 403, 404, 500]&#10; +  where 401 = &lt;Response [401]&gt;.status_code">backend/tests/test_rbac_and_detail_pages.py:241: in test_admin_payouts_invalid_id_returns_error
    assert response.status_code in [400, 403, 404, 500], f"Expected 404, got {response.status_code}"
E   AssertionError: Expected 404, got 401
E   assert 401 in [400, 403, 404, 500]
E    +  where 401 = &lt;Response [401]&gt;.status_code</failure></testcase><testcase classname="backend.tests.test_rbac_and_detail_pages.TestUnauthenticatedAccess" name="test_buyer_deal_api_requires_auth" time="0.007" /><testcase classname="backend.tests.test_rbac_and_detail_pages.TestUnauthenticatedAccess" name="test_dealer_deals_api_requires_auth" time="0.007" /><testcase classname="backend.tests.test_rbac_and_detail_pages.TestUnauthenticatedAccess" name="test_admin_deals_api_requires_auth" time="0.009" /></testsuite></testsuites>